[preview.colorlib.com/theme/clark/index.html]
[backblue.gif]
[fade.gif]
[index.html]
[preview.colorlib.com/theme/clark/css/open-iconic-bootstrap.min.css]
[preview.colorlib.com/theme/clark/css/animate.css]
[preview.colorlib.com/theme/clark/css/owl.carousel.min.css]
[preview.colorlib.com/theme/clark/css/owl.theme.default.min.css]
[preview.colorlib.com/theme/clark/css/magnific-popup.css]
[preview.colorlib.com/theme/clark/css/aos.css]
[preview.colorlib.com/theme/clark/css/ionicons.min.css]
[preview.colorlib.com/theme/clark/css/flaticon.css]
[preview.colorlib.com/theme/clark/css/icomoon.css]
[preview.colorlib.com/theme/clark/css/style.css]
[preview.colorlib.com/theme/clark/index-2.html]
[preview.colorlib.com/theme/clark/images/bg_1.png]
[preview.colorlib.com/theme/clark/images/bg_2.png]
[preview.colorlib.com/theme/clark/images/project-4.jpg]
[preview.colorlib.com/theme/clark/images/project-5.jpg]
[preview.colorlib.com/theme/clark/images/project-1.jpg]
[preview.colorlib.com/theme/clark/images/project-6.jpg]
[preview.colorlib.com/theme/clark/images/project-2.jpg]
[preview.colorlib.com/theme/clark/images/project-3.jpg]
[preview.colorlib.com/theme/clark/single.html]
[preview.colorlib.com/theme/clark/images/image_1.jpg]
[preview.colorlib.com/theme/clark/images/image_2.jpg]
[preview.colorlib.com/theme/clark/images/image_3.jpg]
[preview.colorlib.com/theme/clark/images/bg_1.jpg]
[preview.colorlib.com/theme/clark/images/about.jpg]
[preview.colorlib.com/cdn-cgi/scripts/5c5dd728/cloudflare-static/email-decode.min.js]
[preview.colorlib.com/theme/clark/js/jquery-migrate-3.0.1.min.js]
[preview.colorlib.com/theme/clark/js/jquery.min.js]
[preview.colorlib.com/theme/clark/js/popper.min.js]
[preview.colorlib.com/theme/clark/js/bootstrap.min.js]
[preview.colorlib.com/theme/clark/js/jquery.easing.1.3.js]
[preview.colorlib.com/theme/clark/js/jquery.waypoints.min.js]
[preview.colorlib.com/theme/clark/js/jquery.stellar.min.js]
[preview.colorlib.com/theme/clark/js/owl.carousel.min.js]
[preview.colorlib.com/theme/clark/js/jquery.magnific-popup.min.js]
[preview.colorlib.com/theme/clark/js/aos.js]
[preview.colorlib.com/theme/clark/js/jquery.animateNumber.min.js]
[preview.colorlib.com/theme/clark/js/scrollax.min.js]
[preview.colorlib.com/theme/clark/index.html]
[preview.colorlib.com/theme/clark/js/main.js]
[preview.colorlib.com/theme/clark/fonts/open-iconic/open-iconic.eot]
[preview.colorlib.com/theme/clark/fonts/open-iconic/open-iconicd41d.eot]
[preview.colorlib.com/theme/clark/fonts/open-iconic/open-iconic.woff]
[preview.colorlib.com/theme/clark/fonts/open-iconic/open-iconic.ttf]
[preview.colorlib.com/theme/clark/fonts/open-iconic/open-iconic.otf]
[preview.colorlib.com/theme/clark/css/open-iconic-bootstrap.min.css]
[preview.colorlib.com/theme/clark/css/animate.css]
[preview.colorlib.com/theme/clark/fonts/open-iconic/open-iconic.svg]
[preview.colorlib.com/theme/clark/css/owl.video.play.png]
[preview.colorlib.com/theme/clark/css/owl.carousel.min.css]
[preview.colorlib.com/theme/clark/css/owl.theme.default.min.css]
[preview.colorlib.com/theme/clark/css/magnific-popup.css]
[preview.colorlib.com/theme/clark/css/aos.css]
[preview.colorlib.com/theme/clark/fonts/ionicons/fonts/ionicons580c.woff2]
[preview.colorlib.com/theme/clark/fonts/ionicons/fonts/ionicons580c.eot]
[preview.colorlib.com/theme/clark/fonts/ionicons/fonts/ionicons580c.woff]
[preview.colorlib.com/theme/clark/css/ionicons.min.css]
[preview.colorlib.com/theme/clark/fonts/ionicons/fonts/ionicons580c.ttf]
[preview.colorlib.com/theme/clark/fonts/ionicons/fonts/ionicons580c.svg]
[preview.colorlib.com/theme/clark/fonts/flaticon/font/Flaticon.eot]
[preview.colorlib.com/theme/clark/fonts/flaticon/font/Flaticond41d.eot]
[preview.colorlib.com/theme/clark/fonts/flaticon/font/Flaticon.woff]
[preview.colorlib.com/theme/clark/fonts/flaticon/font/Flaticon.ttf]
[preview.colorlib.com/theme/clark/css/flaticon.css]
[preview.colorlib.com/theme/clark/fonts/flaticon/font/Flaticon.svg]
[preview.colorlib.com/theme/clark/fonts/icomoon/icomoonccfb.woff]
[preview.colorlib.com/theme/clark/fonts/icomoon/icomoonccfb.eot]
[preview.colorlib.com/theme/clark/fonts/icomoon/icomoonccfb.ttf]
[preview.colorlib.com/theme/clark/css/icomoon.css]
[preview.colorlib.com/theme/clark/css/style.css]
[preview.colorlib.com/theme/clark/index-2.html]
[preview.colorlib.com/theme/clark/fonts/icomoon/icomoonccfb.svg]
[preview.colorlib.com/theme/clark/blog.3c.delayed]
[preview.colorlib.com/theme/clark/images/image_4.jpg]
[preview.colorlib.com/theme/clark/images/person_1.jpg]
[preview.colorlib.com/theme/clark/single.html]
[preview.colorlib.com/theme/clark/fonts/open-iconic/open-iconic.svg]
[preview.colorlib.com/theme/clark/css/owl.video.play.html]
[preview.colorlib.com/theme/clark/fonts/ionicons/fonts/ionicons580c.svg]
[preview.colorlib.com/theme/clark/fonts/flaticon/font/Flaticon.svg]
[preview.colorlib.com/theme/clark/fonts/icomoon/icomoonccfb.svg]
[preview.colorlib.com/theme/clark/blog.html]
[preview.colorlib.com/theme/clark/images/image_4.html]
